[2025-04-04 19:59:00,800] 1025 httpx - INFO - HTTP Request: GET https://dagshub.com/api/v1/user "HTTP/1.1 200 OK"
[2025-04-04 19:59:00,806] 107 dagshub - INFO - Accessing as atharvmohanjadhav
[2025-04-04 19:59:01,830] 1025 httpx - INFO - HTTP Request: GET https://dagshub.com/api/v1/repos/atharvmohanjadhav/Network-Security "HTTP/1.1 200 OK"
[2025-04-04 19:59:02,958] 1025 httpx - INFO - HTTP Request: GET https://dagshub.com/api/v1/user "HTTP/1.1 200 OK"
[2025-04-04 19:59:02,961] 107 dagshub - INFO - Initialized MLflow to track repo "atharvmohanjadhav/Network-Security"
[2025-04-04 19:59:02,962] 107 dagshub - INFO - Repository atharvmohanjadhav/Network-Security initialized!
[2025-04-04 20:00:04,382] 36 root - INFO - Data Ingestion Started!
[2025-04-04 20:00:12,878] 54 root - INFO - Performing train-test split | Train Shape: (8844, 31) | Test Shape: (2211, 31)
[2025-04-04 20:00:12,879] 62 root - INFO - Saving train.csv to Artifacts\04_04_2025_19_58_46\data_ingestion\ingested\train.csv
[2025-04-04 20:00:12,912] 65 root - INFO - Saving test.csv to Artifacts\04_04_2025_19_58_46\data_ingestion\ingested\test.csv
[2025-04-04 20:00:12,921] 68 root - INFO - Successfully exported train and test datasets.
[2025-04-04 20:00:12,921] 39 root - INFO - Data Ingestion Completed!

[2025-04-04 20:00:12,922] 47 root - INFO - Data Validation Started!
[2025-04-04 20:00:13,024] 33 root - INFO - Required no of columns; 2
[2025-04-04 20:00:13,024] 34 root - INFO - Data Frama has a columns: 31
[2025-04-04 20:00:13,024] 33 root - INFO - Required no of columns; 2
[2025-04-04 20:00:13,024] 34 root - INFO - Data Frama has a columns: 31
[2025-04-04 20:00:13,176] 50 root - INFO - Data Validation Completed!

[2025-04-04 20:00:13,177] 58 root - INFO - Data Transformation Started!
[2025-04-04 20:00:13,177] 41 root - INFO - Enter initiate_data_transformation method of DataTransformation class
[2025-04-04 20:00:13,177] 43 root - INFO - Started Data Transformation
[2025-04-04 20:00:13,268] 23 root - INFO - Entered get__data_transformer_object method in DataTransformation class
[2025-04-04 20:00:13,268] 26 root - INFO - Initialize KNNImputer!
[2025-04-04 20:00:13,296] 42 root - INFO - Entered the save object method of Utils Class
[2025-04-04 20:00:13,300] 46 root - INFO - Exited the save object method of Main Utils class!
[2025-04-04 20:00:13,301] 42 root - INFO - Entered the save object method of Utils Class
[2025-04-04 20:00:13,304] 46 root - INFO - Exited the save object method of Main Utils class!
[2025-04-04 20:00:13,306] 61 root - INFO - Data Transformation completed!

[2025-04-04 20:00:13,307] 68 root - INFO - Model Training started!
[2025-04-04 20:05:46,245] 42 root - INFO - Entered the save object method of Utils Class
[2025-04-04 20:05:46,364] 46 root - INFO - Exited the save object method of Main Utils class!
[2025-04-04 20:05:46,365] 42 root - INFO - Entered the save object method of Utils Class
[2025-04-04 20:05:46,462] 46 root - INFO - Exited the save object method of Main Utils class!
[2025-04-04 20:05:46,463] 107 root - INFO - Model training Artifact: ModelTrainerArtifact(trained_model_file_path='Artifacts\\04_04_2025_19_58_46\\model_trainer\\trained_model\\model.pkl', train_metric_artifact=ClassificationMetricsArtifact(f1_score=0.9905746427485558, precision_score=0.9886708476633623, recall_score=0.9924857839155159), test_metric_atifact=ClassificationMetricsArtifact(f1_score=0.9782433521353747, precision_score=0.9719775820656525, recall_score=0.9845904298459043))
[2025-04-04 20:05:46,471] 72 root - INFO - Model Training completed!

