[2025-04-04 20:06:14,263] 1025 httpx - INFO - HTTP Request: GET https://dagshub.com/api/v1/user "HTTP/1.1 200 OK"
[2025-04-04 20:06:14,269] 107 dagshub - INFO - Accessing as atharvmohanjadhav
[2025-04-04 20:06:17,043] 1025 httpx - INFO - HTTP Request: GET https://dagshub.com/api/v1/repos/atharvmohanjadhav/Network-Security "HTTP/1.1 200 OK"
[2025-04-04 20:06:18,155] 1025 httpx - INFO - HTTP Request: GET https://dagshub.com/api/v1/user "HTTP/1.1 200 OK"
[2025-04-04 20:06:18,162] 107 dagshub - INFO - Initialized MLflow to track repo "atharvmohanjadhav/Network-Security"
[2025-04-04 20:06:18,163] 107 dagshub - INFO - Repository atharvmohanjadhav/Network-Security initialized!
[2025-04-04 20:06:32,135] 36 root - INFO - Data Ingestion Started!
[2025-04-04 20:06:39,591] 54 root - INFO - Performing train-test split | Train Shape: (8844, 31) | Test Shape: (2211, 31)
[2025-04-04 20:06:39,595] 62 root - INFO - Saving train.csv to Artifacts\04_04_2025_20_06_10\data_ingestion\ingested\train.csv
[2025-04-04 20:06:39,714] 65 root - INFO - Saving test.csv to Artifacts\04_04_2025_20_06_10\data_ingestion\ingested\test.csv
[2025-04-04 20:06:39,749] 68 root - INFO - Successfully exported train and test datasets.
[2025-04-04 20:06:39,751] 39 root - INFO - Data Ingestion Completed!

[2025-04-04 20:06:39,752] 47 root - INFO - Data Validation Started!
[2025-04-04 20:06:39,874] 33 root - INFO - Required no of columns; 2
[2025-04-04 20:06:39,874] 34 root - INFO - Data Frama has a columns: 31
[2025-04-04 20:06:39,874] 33 root - INFO - Required no of columns; 2
[2025-04-04 20:06:39,874] 34 root - INFO - Data Frama has a columns: 31
[2025-04-04 20:06:40,290] 50 root - INFO - Data Validation Completed!

[2025-04-04 20:06:40,290] 58 root - INFO - Data Transformation Started!
[2025-04-04 20:06:40,290] 41 root - INFO - Enter initiate_data_transformation method of DataTransformation class
[2025-04-04 20:06:40,290] 43 root - INFO - Started Data Transformation
[2025-04-04 20:06:40,391] 23 root - INFO - Entered get__data_transformer_object method in DataTransformation class
[2025-04-04 20:06:40,391] 26 root - INFO - Initialize KNNImputer!
[2025-04-04 20:06:40,419] 42 root - INFO - Entered the save object method of Utils Class
[2025-04-04 20:06:40,427] 46 root - INFO - Exited the save object method of Main Utils class!
[2025-04-04 20:06:40,427] 42 root - INFO - Entered the save object method of Utils Class
[2025-04-04 20:06:40,434] 46 root - INFO - Exited the save object method of Main Utils class!
[2025-04-04 20:06:40,436] 61 root - INFO - Data Transformation completed!

[2025-04-04 20:06:40,437] 68 root - INFO - Model Training started!
[2025-04-04 20:12:22,098] 42 root - INFO - Entered the save object method of Utils Class
[2025-04-04 20:12:22,156] 46 root - INFO - Exited the save object method of Main Utils class!
[2025-04-04 20:12:22,157] 42 root - INFO - Entered the save object method of Utils Class
[2025-04-04 20:12:22,207] 46 root - INFO - Exited the save object method of Main Utils class!
[2025-04-04 20:12:22,207] 107 root - INFO - Model training Artifact: ModelTrainerArtifact(trained_model_file_path='Artifacts\\04_04_2025_20_06_10\\model_trainer\\trained_model\\model.pkl', train_metric_artifact=ClassificationMetricsArtifact(f1_score=0.9907642342433777, precision_score=0.9890577507598785, recall_score=0.9924766165107768), test_metric_atifact=ClassificationMetricsArtifact(f1_score=0.9763337344564781, precision_score=0.970494417862839, recall_score=0.9822437449556094))
[2025-04-04 20:12:22,211] 72 root - INFO - Model Training completed!

